1626106551820	geckodriver	INFO	Listening on 127.0.0.1:55519
1626106554861	mozrunner::runner	INFO	Running command: "C:\\Program Files\\Mozilla Firefox\\firefox.exe" "--marionette" "ignore-certificate-errors" "--incognito" "disable-infobars" "-foreground" "-no-remote" "-profile" "C:\\Users\\Davian99\\AppData\\Local\\Temp\\rust_mozprofileal8iWa"
1626106566673	geckodriver	INFO	Listening on 127.0.0.1:55558
1626106569698	mozrunner::runner	INFO	Running command: "C:\\Program Files\\Mozilla Firefox\\firefox.exe" "--marionette" "-foreground" "-no-remote" "-profile" "C:\\Users\\Davian99\\AppData\\Local\\Temp\\rust_mozprofilexl7ARz"
1626106570185	Marionette	INFO	Marionette enabled
console.warn: SearchSettings: "get: No settings file exists, new profile?" (new NotFoundError("Could not open the file at C:\\Users\\Davian99\\AppData\\Local\\Temp\\rust_mozprofilexl7ARz\\search.json.mozlz4", (void 0)))
1626106573141	Marionette	INFO	Listening on port 55592
1626106573409	Marionette	WARN	TLS certificate errors will be ignored for this session
WARNING: At least one completion condition is taking too long to complete. Conditions: [{"name":"ContentParent: id=1de8798f000","state":{"remoteTypePrefix":"web"},"filename":"/builds/worker/checkouts/gecko/dom/ipc/ContentParent.cpp","lineNumber":3507,"stack":["resource://gre/modules/nsAsyncShutdown.jsm:addBlocker:162","chrome://global/content/elements/browser-custom-element.js:get loadContext:372","chrome://global/content/elements/browser-custom-element.js:construct:1005","chrome://global/content/elements/browser-custom-element.js:connectedCallback:310","chrome://browser/content/tabbrowser.js:_setupInitialBrowserAndTab:414","chrome://browser/content/tabbrowser.js:init:50","chrome://browser/content/browser.js:onDOMContentLoaded:1725"]}] Barrier: profile-before-change
JavaScript error: resource:///modules/sessionstore/SessionStore.jsm, line 2128: TypeError: subject.QueryInterface is not a function
A content process crashed and MOZ_CRASHREPORTER_SHUTDOWN is set, shutting down
JavaScript error: resource://gre/modules/Sqlite.jsm, line 1030: Error: Sqlite.jsm has been shutdown. Cannot open connection to: C:\Users\Davian99\AppData\Local\Temp\rust_mozprofilexl7ARz\protections.sqlite
1626106605684	Marionette	INFO	Stopped listening on port 55592
1626106688989	geckodriver	INFO	Listening on 127.0.0.1:55756
1626106692043	mozrunner::runner	INFO	Running command: "C:\\Program Files\\Mozilla Firefox\\firefox.exe" "--marionette" "-foreground" "-no-remote" "-profile" "C:\\Users\\Davian99\\AppData\\Local\\Temp\\rust_mozprofilezYzE4l"
1626106692517	Marionette	INFO	Marionette enabled
console.warn: SearchSettings: "get: No settings file exists, new profile?" (new NotFoundError("Could not open the file at C:\\Users\\Davian99\\AppData\\Local\\Temp\\rust_mozprofilezYzE4l\\search.json.mozlz4", (void 0)))
1626106695270	Marionette	INFO	Listening on port 55766
1626106695739	Marionette	WARN	TLS certificate errors will be ignored for this session
1626106707053	Marionette	INFO	Stopped listening on port 55766

###!!! [Child][RunMessage] Error: Channel closing: too late to send/recv, messages will be lost

1626106711681	geckodriver	INFO	Listening on 127.0.0.1:55816
1626106714759	mozrunner::runner	INFO	Running command: "C:\\Program Files\\Mozilla Firefox\\firefox.exe" "--marionette" "-foreground" "-no-remote" "-profile" "C:\\Users\\Davian99\\AppData\\Local\\Temp\\rust_mozprofilemq8x2Q"
1626106715192	Marionette	INFO	Marionette enabled
console.warn: SearchSettings: "get: No settings file exists, new profile?" (new NotFoundError("Could not open the file at C:\\Users\\Davian99\\AppData\\Local\\Temp\\rust_mozprofilemq8x2Q\\search.json.mozlz4", (void 0)))
1626106718141	Marionette	INFO	Listening on port 55827
1626106718477	Marionette	WARN	TLS certificate errors will be ignored for this session
WARNING: At least one completion condition is taking too long to complete. Conditions: [{"name":"ContentParent: id=1d627197800","state":{"remoteTypePrefix":"web"},"filename":"/builds/worker/checkouts/gecko/dom/ipc/ContentParent.cpp","lineNumber":3507,"stack":["resource://gre/modules/nsAsyncShutdown.jsm:addBlocker:162","chrome://global/content/elements/browser-custom-element.js:get loadContext:372","chrome://global/content/elements/browser-custom-element.js:construct:1005","chrome://global/content/elements/browser-custom-element.js:connectedCallback:310","chrome://browser/content/tabbrowser.js:_setupInitialBrowserAndTab:414","chrome://browser/content/tabbrowser.js:init:50","chrome://browser/content/browser.js:onDOMContentLoaded:1725"]},{"name":"ContentParent: id=1d62be1f000","state":{"remoteTypePrefix":"web"},"filename":"/builds/worker/checkouts/gecko/dom/ipc/ContentParent.cpp","lineNumber":3507,"stack":["resource://gre/modules/nsAsyncShutdown.jsm:addBlocker:162","chrome://global/content/elements/browser-custom-element.js:get loadContext:372","chrome://global/content/elements/browser-custom-element.js:construct:1005","chrome://global/content/elements/browser-custom-element.js:connectedCallback:310","chrome://browser/content/tabbrowser.js:_insertBrowser:2342","chrome://browser/content/tabbrowser.js:addTab:2824","chrome://browser/content/tabbrowser.js:loadOneTab:1708","chrome://browser/content/utilityOverlay.js:openLinkIn:657","chrome://browser/content/utilityOverlay.js:openUILinkIn:352","chrome://browser/content/utilityOverlay.js:openTrustedLinkIn:269","chrome://browser/content/browser.js:BrowserOpenTab/<.wrappedJSObject<:2938","chrome://browser/content/browser.js:BrowserOpenTab:2937","chrome://browser/content/browser.xhtml:oncommand:1"]}] Barrier: profile-before-change
JavaScript error: resource:///modules/sessionstore/SessionStore.jsm, line 2128: TypeError: subject.QueryInterface is not a function
A content process crashed and MOZ_CRASHREPORTER_SHUTDOWN is set, shutting down
JavaScript error: resource://gre/modules/Sqlite.jsm, line 1030: Error: Sqlite.jsm has been shutdown. Cannot open connection to: C:\Users\Davian99\AppData\Local\Temp\rust_mozprofilemq8x2Q\protections.sqlite
JavaScript error: resource://gre/modules/CrashManager.jsm, line 829: AbortError: IOUtils: Shutting down and refusing additional I/O tasks
*** UTM:SVC TimerManager:registerTimer called after profile-before-change notification. Ignoring timer registration for id: telemetry_modules_ping
*** UTM:SVC TimerManager:registerTimer called after profile-before-change notification. Ignoring timer registration for id: telemetry_untrustedmodules_ping
JavaScript error: resource:///modules/sessionstore/SessionStore.jsm, line 2128: TypeError: subject.QueryInterface is not a function
A content process crashed and MOZ_CRASHREPORTER_SHUTDOWN is set, shutting down

###!!! [Parent][MessageChannel] Error: (msgtype=0x59000D,name=PHttpBackgroundChannel::Msg___delete__) Channel error: cannot send/recv


###!!! [Parent][MessageChannel] Error: (msgtype=0x59000D,name=PHttpBackgroundChannel::Msg___delete__) Channel error: cannot send/recv


###!!! [Parent][MessageChannel] Error: (msgtype=0x59000D,name=PHttpBackgroundChannel::Msg___delete__) Channel error: cannot send/recv


###!!! [Parent][MessageChannel] Error: (msgtype=0x59000D,name=PHttpBackgroundChannel::Msg___delete__) Channel error: cannot send/recv


###!!! [Parent][MessageChannel] Error: (msgtype=0x59000D,name=PHttpBackgroundChannel::Msg___delete__) Channel error: cannot send/recv

1626106778058	Marionette	INFO	Stopped listening on port 55827

###!!! [Child][RunMessage] Error: Channel closing: too late to send/recv, messages will be lost

1626106896376	geckodriver	INFO	Listening on 127.0.0.1:56031
1626106899443	mozrunner::runner	INFO	Running command: "C:\\Program Files\\Mozilla Firefox\\firefox.exe" "--marionette" "-foreground" "-no-remote" "-profile" "C:\\Users\\Davian99\\AppData\\Local\\Temp\\rust_mozprofileBBho55"
1626106899917	Marionette	INFO	Marionette enabled
console.warn: SearchSettings: "get: No settings file exists, new profile?" (new NotFoundError("Could not open the file at C:\\Users\\Davian99\\AppData\\Local\\Temp\\rust_mozprofileBBho55\\search.json.mozlz4", (void 0)))
1626106902818	Marionette	INFO	Listening on port 56042
1626106903137	Marionette	WARN	TLS certificate errors will be ignored for this session
WARNING: At least one completion condition is taking too long to complete. Conditions: [{"name":"ContentParent: id=16f4a88d000","state":{"remoteTypePrefix":"web"},"filename":"/builds/worker/checkouts/gecko/dom/ipc/ContentParent.cpp","lineNumber":3507,"stack":["resource://gre/modules/nsAsyncShutdown.jsm:addBlocker:162","chrome://global/content/elements/browser-custom-element.js:get loadContext:372","chrome://global/content/elements/browser-custom-element.js:construct:1005","chrome://global/content/elements/browser-custom-element.js:connectedCallback:310","chrome://browser/content/tabbrowser.js:_setupInitialBrowserAndTab:414","chrome://browser/content/tabbrowser.js:init:50","chrome://browser/content/browser.js:onDOMContentLoaded:1725"]}] Barrier: profile-before-change
Marionette threw an error: TypeError: this.currentSession is null
GeckoDriver.prototype.getBrowsingContext@chrome://marionette/content/driver.js:292:5
GeckoDriver.prototype.getActor/<@chrome://marionette/content/driver.js:264:10
getMarionetteCommandsActorProxy/get/<@chrome://marionette/content/actors/MarionetteCommandsParent.jsm:327:29

JavaScript error: resource:///modules/sessionstore/SessionStore.jsm, line 2128: TypeError: subject.QueryInterface is not a function
A content process crashed and MOZ_CRASHREPORTER_SHUTDOWN is set, shutting down
JavaScript error: resource://gre/modules/Sqlite.jsm, line 1030: Error: Sqlite.jsm has been shutdown. Cannot open connection to: C:\Users\Davian99\AppData\Local\Temp\rust_mozprofileBBho55\protections.sqlite
1626106952456	Marionette	INFO	Stopped listening on port 56042

###!!! [Child][RunMessage] Error: Channel closing: too late to send/recv, messages will be lost

1626108433238	geckodriver	INFO	Listening on 127.0.0.1:58864
1626529749670	geckodriver	INFO	Listening on 127.0.0.1:55509
1626529752765	mozrunner::runner	INFO	Running command: "C:\\Program Files\\Mozilla Firefox\\firefox.exe" "--marionette" "-foreground" "-no-remote" "-profile" "C:\\Users\\Davian99\\AppData\\Local\\Temp\\rust_mozprofileHIiCnq"
1626529753708	Marionette	INFO	Marionette enabled
console.warn: SearchSettings: "get: No settings file exists, new profile?" (new NotFoundError("Could not open the file at C:\\Users\\Davian99\\AppData\\Local\\Temp\\rust_mozprofileHIiCnq\\search.json.mozlz4", (void 0)))
1626529756611	Marionette	INFO	Listening on port 55520
1626529756998	Marionette	WARN	TLS certificate errors will be ignored for this session
WARNING: At least one completion condition is taking too long to complete. Conditions: [{"name":"ContentParent: id=22aa313d800","state":{"remoteTypePrefix":"web"},"filename":"/builds/worker/checkouts/gecko/dom/ipc/ContentParent.cpp","lineNumber":3507,"stack":["resource://gre/modules/nsAsyncShutdown.jsm:addBlocker:162","chrome://global/content/elements/browser-custom-element.js:get loadContext:372","chrome://global/content/elements/browser-custom-element.js:construct:1005","chrome://global/content/elements/browser-custom-element.js:connectedCallback:310","chrome://browser/content/tabbrowser.js:_setupInitialBrowserAndTab:414","chrome://browser/content/tabbrowser.js:init:50","chrome://browser/content/browser.js:onDOMContentLoaded:1725"]}] Barrier: profile-before-change
Marionette threw an error: TypeError: this.currentSession is null
GeckoDriver.prototype.getBrowsingContext@chrome://marionette/content/driver.js:292:5
GeckoDriver.prototype.getActor/<@chrome://marionette/content/driver.js:264:10
getMarionetteCommandsActorProxy/get/<@chrome://marionette/content/actors/MarionetteCommandsParent.jsm:327:29

JavaScript error: resource:///modules/sessionstore/SessionStore.jsm, line 2128: TypeError: subject.QueryInterface is not a function
A content process crashed and MOZ_CRASHREPORTER_SHUTDOWN is set, shutting down
JavaScript error: resource://gre/modules/Sqlite.jsm, line 1030: Error: Sqlite.jsm has been shutdown. Cannot open connection to: C:\Users\Davian99\AppData\Local\Temp\rust_mozprofileHIiCnq\protections.sqlite
1626529802090	Marionette	INFO	Stopped listening on port 55520

###!!! [Child][RunMessage] Error: Channel closing: too late to send/recv, messages will be lost

1626529857490	geckodriver	INFO	Listening on 127.0.0.1:49895
1626529860544	mozrunner::runner	INFO	Running command: "C:\\Program Files\\Mozilla Firefox\\firefox.exe" "--marionette" "-foreground" "-no-remote" "-profile" "C:\\Users\\Davian99\\AppData\\Local\\Temp\\rust_mozprofilegY7rwu"
1626529861035	Marionette	INFO	Marionette enabled
console.warn: SearchSettings: "get: No settings file exists, new profile?" (new NotFoundError("Could not open the file at C:\\Users\\Davian99\\AppData\\Local\\Temp\\rust_mozprofilegY7rwu\\search.json.mozlz4", (void 0)))
1626529863811	Marionette	INFO	Listening on port 49906
1626529864243	Marionette	WARN	TLS certificate errors will be ignored for this session
WARNING: At least one completion condition is taking too long to complete. Conditions: [{"name":"ContentParent: id=2042d273800","state":{"remoteTypePrefix":"web"},"filename":"/builds/worker/checkouts/gecko/dom/ipc/ContentParent.cpp","lineNumber":3507,"stack":["resource://gre/modules/nsAsyncShutdown.jsm:addBlocker:162","chrome://global/content/elements/browser-custom-element.js:get loadContext:372","chrome://global/content/elements/browser-custom-element.js:construct:1005","chrome://global/content/elements/browser-custom-element.js:connectedCallback:310","chrome://browser/content/tabbrowser.js:_setupInitialBrowserAndTab:414","chrome://browser/content/tabbrowser.js:init:50","chrome://browser/content/browser.js:onDOMContentLoaded:1725"]}] Barrier: profile-before-change
Marionette threw an error: TypeError: this.currentSession is null
GeckoDriver.prototype.getBrowsingContext@chrome://marionette/content/driver.js:292:5
GeckoDriver.prototype.getActor/<@chrome://marionette/content/driver.js:264:10
getMarionetteCommandsActorProxy/get/<@chrome://marionette/content/actors/MarionetteCommandsParent.jsm:327:29

JavaScript error: resource:///modules/sessionstore/SessionStore.jsm, line 2128: TypeError: subject.QueryInterface is not a function
A content process crashed and MOZ_CRASHREPORTER_SHUTDOWN is set, shutting down
JavaScript error: resource://gre/modules/Sqlite.jsm, line 1030: Error: Sqlite.jsm has been shutdown. Cannot open connection to: C:\Users\Davian99\AppData\Local\Temp\rust_mozprofilegY7rwu\protections.sqlite
1626529887434	Marionette	INFO	Stopped listening on port 49906

###!!! [Child][RunMessage] Error: Channel closing: too late to send/recv, messages will be lost

